#
# A fatal error has been detected by the Java Runtime Environment:
#
#  EXCEPTION_ACCESS_VIOLATION (0xc0000005) at pc=0x00007fffa67226c4, pid=4600, tid=5536
#
# JRE version: OpenJDK Runtime Environment (24.0.1+9) (build 24.0.1+9-30)
# Java VM: OpenJDK 64-Bit Server VM (24.0.1+9-30, mixed mode, sharing, tiered, compressed oops, compressed class ptrs, g1 gc, windows-amd64)
# Problematic frame:
# C  [libasyncProfiler.dll+0x926c4]
#
# No core dump will be written. Minidumps are not enabled by default on client versions of Windows
#
# JFR recording file will be written. Location: C:\Users\Admin\IdeaProjects\CoffeeStore\hs_err_pid4600.jfr
#
# If you would like to submit a bug report, please visit:
#   https://bugreport.java.com/bugreport/crash.jsp
# The crash happened outside the Java Virtual Machine in native code.
# See problematic frame for where to report the bug.
#

---------------  S U M M A R Y ------------

Command Line: -javaagent:C:\Program Files\JetBrains\IntelliJ IDEA 2024.3.5\lib\idea_rt.jar=59753 -Dfile.encoding=UTF-8 -Dsun.stdout.encoding=UTF-8 -Dsun.stderr.encoding=UTF-8 RunApplication

Host: 12th Gen Intel(R) Core(TM) i5-12500H, 16 cores, 15G,  Windows 11 , 64 bit Build 26100 (10.0.26100.3912)
Time: Tue May 20 15:17:02 2025 SE Asia Standard Time elapsed time: 5.962132 seconds (0d 0h 0m 5s)

---------------  T H R E A D  ---------------

Current thread (0x0000022d6bc8d1f0):  JavaThread "Attach Listener" daemon [_thread_in_native, id=5536, stack(0x000000fa52100000,0x000000fa52200000) (1024K)]

Stack: [0x000000fa52100000,0x000000fa52200000],  sp=0x000000fa521ff250,  free space=1020k
Native frames: (J=compiled Java code, j=interpreted, Vv=VM code, C=native code)
C  [libasyncProfiler.dll+0x926c4]  (no source info available)
C  [libasyncProfiler.dll+0x92b9b]  (no source info available)
C  [libasyncProfiler.dll+0x917f4]  (no source info available)
C  [libasyncProfiler.dll+0x9206a]  (no source info available)
C  [libasyncProfiler.dll+0x8cc21]  (no source info available)
C  [libasyncProfiler.dll+0x7e5e1]  (no source info available)
C  [libasyncProfiler.dll+0x7d2f8]  (no source info available)
C  [libasyncProfiler.dll+0x7d1e0]  (no source info available)
C  [libasyncProfiler.dll+0x841b9]  (no source info available)
V  [jvm.dll+0x57eff7]  (no source info available)
V  [jvm.dll+0x57fdac]  (no source info available)
V  [jvm.dll+0x14ca17]  (no source info available)
V  [jvm.dll+0x14dfe1]  (no source info available)
V  [jvm.dll+0x42f456]  (no source info available)
V  [jvm.dll+0x87d76b]  (no source info available)
V  [jvm.dll+0x72ee55]  (no source info available)
C  [ucrtbase.dll+0x37b0]  (no source info available)
C  [KERNEL32.DLL+0x2e8d7]  (no source info available)
C  [ntdll.dll+0x9c5dc]  (no source info available)


siginfo: EXCEPTION_ACCESS_VIOLATION (0xc0000005), reading address 0xffffffffffffffff


Registers:
RAX=0x0000000000000010, RBX=0x0000000000000000, RCX=0xffffffffffffffff, RDX=0x007fffa222300010
RSP=0x000000fa521ff250, RBP=0x0000022d45ba0b00, RSI=0x000000fa521ff3c0, RDI=0x0000022d45ba0b00
R8 =0x0000000000000042, R9 =0x000000070b400810, R10=0x00007fffa2499fb0, R11=0x000000000000000c
R12=0x000000fa521ff3c0, R13=0x0000022d4697c2d0, R14=0x0000022d6bc8d5b8, R15=0x0000022d6bc8d5b8
RIP=0x00007fffa67226c4, EFLAGS=0x0000000000010202

XMM[0]=0x0000000000000000 0x0000000000000000
XMM[1]=0x0000000000000000 0x0000000000000000
XMM[2]=0x0000000000000000 0x0000000000000000
XMM[3]=0x0000000000000000 0x0000000000000000
XMM[4]=0x0000000000000000 0x0000000000000000
XMM[5]=0x0000000000000000 0x0000000000000000
XMM[6]=0x0000000000000000 0x0000000000000000
XMM[7]=0x0000000000000000 0x0000000000000000
XMM[8]=0x0000000000000000 0x0000000000000000
XMM[9]=0x0000000000000000 0x0000000000000000
XMM[10]=0x0000000000000000 0x0000000000000000
XMM[11]=0x0000000000000000 0x0000000000000000
XMM[12]=0x0000000000000000 0x0000000000000000
XMM[13]=0x0000000000000000 0x0000000000000000
XMM[14]=0x0000000000000000 0x0000000000000000
XMM[15]=0x0000000000000000 0x0000000000000000
  MXCSR=0x00001fa0


Register to memory mapping:

RAX=0x0000000000000010 is an unknown value
RBX=0x0 is null
RCX=0xffffffffffffffff is an unknown value
RDX=0x007fffa222300010 is an unknown value
RSP=0x000000fa521ff250 is pointing into the stack for thread: 0x0000022d6bc8d1f0
RBP=0x0000022d45ba0b00 points into unknown readable memory: 0x000000070b400810 | 10 08 40 0b 07 00 00 00
RSI=0x000000fa521ff3c0 is pointing into the stack for thread: 0x0000022d6bc8d1f0
RDI=0x0000022d45ba0b00 points into unknown readable memory: 0x000000070b400810 | 10 08 40 0b 07 00 00 00
R8 =0x0000000000000042 is an unknown value
R9 =0x000000070b400810 is an oop: java.lang.ref.Reference$ReferenceHandler 
{0x000000070b400810} - klass: 'java/lang/ref/Reference$ReferenceHandler' - flags: 

 - ---- fields (total size 14 words):
 - 'threadLocalRandomProbe' 'I' @12  0 (0x00000000)
 - private volatile 'eetop' 'J' @16  2394105077888 (0x0000022d6bc86080)
 - private final 'tid' 'J' @24  15 (0x000000000000000f)
 - 'threadLocalRandomSeed' 'J' @32  0 (0x0000000000000000)
 - injected 'jvmti_thread_state' 'J' @40  2393471806800 (0x0000022d46096d50)
 - 'threadLocalRandomSecondarySeed' 'I' @48  0 (0x00000000)
 - injected 'jvmti_VTMS_transition_disable_count' 'I' @52  0 (0x00000000)
 - injected 'jfr_epoch' 'S' @56  0 (0x0000)
 - volatile 'interrupted' 'Z' @58  false (0x00)
 - injected 'jvmti_is_in_VTMS_transition' 'Z' @59  false (0x00)
 - private volatile 'name' 'Ljava/lang/String;' @60  "Reference Handler"{0x00000007ffe0a468} (0xfffc148d)
 - private volatile 'contextClassLoader' 'Ljava/lang/ClassLoader;' @64  null (0x00000000)
 - private final 'holder' 'Ljava/lang/Thread$FieldHolder;' @68  a 'java/lang/Thread$FieldHolder'{0x000000070b9564f0} (0xe172ac9e)
 - 'threadLocals' 'Ljava/lang/ThreadLocal$ThreadLocalMap;' @72  null (0x00000000)
 - 'inheritableThreadLocals' 'Ljava/lang/ThreadLocal$ThreadLocalMap;' @76  null (0x00000000)
 - private 'scopedValueBindings' 'Ljava/lang/Object;' @80  a 'java/lang/Class'{0x00000007ffe7c258} = 'java/lang/Thread' (0xfffcf84b)
 - final 'interruptLock' 'Ljava/lang/Object;' @84  a 'java/lang/Object'{0x000000070b9564e0} (0xe172ac9c)
 - private volatile 'parkBlocker' 'Ljava/lang/Object;' @88  null (0x00000000)
 - private 'nioBlocker' 'Lsun/nio/ch/Interruptible;' @92  null (0x00000000)
 - private 'cont' 'Ljdk/internal/vm/Continuation;' @96  null (0x00000000)
 - private volatile 'uncaughtExceptionHandler' 'Ljava/lang/Thread$UncaughtExceptionHandler;' @100  null (0x00000000)
 - private 'container' 'Ljdk/internal/vm/ThreadContainer;' @104  null (0x00000000)
 - private volatile 'headStackableScopes' 'Ljdk/internal/vm/StackableScope;' @108  null (0x00000000)
R10=0x00007fffa2499fb0 jvm.dll
R11=0x000000000000000c is an unknown value
R12=0x000000fa521ff3c0 is pointing into the stack for thread: 0x0000022d6bc8d1f0
R13=0x0000022d4697c2d0 points into unknown readable memory: 0x00007fffa240a510 | 10 a5 40 a2 ff 7f 00 00
R14=0x0000022d6bc8d5b8 points into unknown readable memory: 0x00007fffa24017b0 | b0 17 40 a2 ff 7f 00 00
R15=0x0000022d6bc8d5b8 points into unknown readable memory: 0x00007fffa24017b0 | b0 17 40 a2 ff 7f 00 00

Top of Stack: (sp=0x000000fa521ff250)
0x000000fa521ff250:   000000fa521ff3c0 0000022d45ba0b00   ...R.......E-...
0x000000fa521ff260:   0000000000000000 0000022d6bc8dd80   ...........k-...
0x000000fa521ff270:   0000000000000036 00007fffa6722b9b   6........+r.....
0x000000fa521ff280:   0000000000000000 0000022d6bc8d5b8   ...........k-...
0x000000fa521ff290:   000000fa521ff301 0000000000000000   ...R............
0x000000fa521ff2a0:   0000022d46049460 00007fffa67217f4   `..F-.....r.....
0x000000fa521ff2b0:   0000000000000000 0000000000000036   ........6.......
0x000000fa521ff2c0:   0000000000000000 0000000000000036   ........6.......
0x000000fa521ff2d0:   0000001500000002 0000022d4583b1c0   ...........E-...
0x000000fa521ff2e0:   0000022d46049460 0000022d46049538   `..F-...8..F-...
0x000000fa521ff2f0:   0000022d4604955c 0000000000004028   \..F-...(@......
0x000000fa521ff300:   0000000000000000 0000000000000000   ................
0x000000fa521ff310:   0000000000000000 00007fffa1c657d4   .........W......
0x000000fa521ff320:   00007fffa6864ca0 00000000000011f8   .L..............
0x000000fa521ff330:   00007fffa6864ca0 00000000ffffffff   .L..............
0x000000fa521ff340:   0000000000000000 00007fffa672206a   ........j r.....
0x000000fa521ff350:   0000022d6bc8d5b8 0000000000000000   ...k-...........
0x000000fa521ff360:   000000fa521ff3c9 0000022d4697c2d0   ...R.......F-...
0x000000fa521ff370:   0000000000000004 0000000000000048   ........H.......
0x000000fa521ff380:   0000000800800310 0000000000000020   ........ .......
0x000000fa521ff390:   0000022d6bc8d5b8 00007fffa6864ca0   ...k-....L......
0x000000fa521ff3a0:   0000022d6bb2aaa0 0000022d46096d50   ...k-...Pm.F-...
0x000000fa521ff3b0:   0000000800800390 0000022d6bc8d5b8   ...........k-...
0x000000fa521ff3c0:   0000022d453c7b60 0000022d453c8220   `{<E-... .<E-...
0x000000fa521ff3d0:   0000022d453c8220 00007fffa6864ca0    .<E-....L......
0x000000fa521ff3e0:   0000022d4597f088 000000fa521ff558   ...E-...X..R....
0x000000fa521ff3f0:   000000fa521ff690 0000000000008840   ...R....@.......
0x000000fa521ff400:   000000fa521ff870 00007fffa6864cf0   p..R.....L......
0x000000fa521ff410:   0000000000989680 0000000000989680   ................
0x000000fa521ff420:   000000fa521ff530 00007fffa671cc21   0..R....!.q.....
0x000000fa521ff430:   00007fffa6864ca0 00007fffa6864cf8   .L.......L......
0x000000fa521ff440:   00007fff00000000 00007fff00000001   ................

Instructions: (pc=0x00007fffa67226c4)
  0x00007fffa67225c4:   cc cc cc cc cc cc cc cc cc cc cc cc cc cc cc cc
  0x00007fffa67225d4:   cc cc cc cc cc cc cc cc cc cc cc cc cc cc cc cc
  0x00007fffa67225e4:   cc cc cc cc cc cc cc cc cc cc cc cc cc cc cc cc
  0x00007fffa67225f4:   cc cc cc cc cc cc cc cc cc cc cc cc cc cc cc cc
  0x00007fffa6722604:   cc cc cc cc cc cc cc cc cc cc cc cc cc cc cc cc
  0x00007fffa6722614:   cc cc cc cc cc cc cc cc cc cc cc cc cc cc cc cc
  0x00007fffa6722624:   cc cc cc cc cc cc cc cc cc cc cc cc cc cc cc cc
  0x00007fffa6722634:   cc cc cc cc cc cc cc cc cc cc cc cc cc cc cc cc
  0x00007fffa6722644:   cc cc cc cc cc cc cc cc cc cc cc cc 40 57 48 83
  0x00007fffa6722654:   ec 20 48 8b f9 48 8b 0d 10 28 14 00 48 85 c9 74
  0x00007fffa6722664:   20 48 8b 01 48 8d 54 24 38 41 b8 06 00 01 00 4c
  0x00007fffa6722674:   8b 48 30 41 ff d1 85 c0 75 07 48 8b 4c 24 38 eb
  0x00007fffa6722684:   02 33 c9 4c 8b 05 ea 28 14 00 48 89 5c 24 30 4d
  0x00007fffa6722694:   85 c0 74 4a 48 8b 01 48 8b d7 4c 8b 88 28 03 00
  0x00007fffa67226a4:   00 41 ff d1 48 85 c0 74 35 48 63 0d f8 e6 13 00
  0x00007fffa67226b4:   48 8b 14 01 48 85 d2 74 15 48 63 05 fc e6 13 00
=>0x00007fffa67226c4:   8b 04 10 48 8b 5c 24 30 48 83 c4 20 5f c3 b8 ff
  0x00007fffa67226d4:   ff ff ff 48 8b 5c 24 30 48 83 c4 20 5f c3 80 3d
  0x00007fffa67226e4:   9b 27 14 00 00 bb ff ff ff ff 74 20 4c 8b 0d 31
  0x00007fffa67226f4:   24 14 00 4c 8d 44 24 38 48 8b 0d 15 24 14 00 48
  0x00007fffa6722704:   8b d7 41 ff d1 85 c0 0f 44 5c 24 38 8b c3 48 8b
  0x00007fffa6722714:   5c 24 30 48 83 c4 20 5f c3 cc cc cc cc cc cc cc
  0x00007fffa6722724:   cc cc cc cc cc cc cc cc cc cc cc cc cc cc cc cc
  0x00007fffa6722734:   cc cc cc cc cc cc cc cc cc cc cc cc cc cc cc cc
  0x00007fffa6722744:   cc cc cc cc cc cc cc cc cc cc cc cc 48 89 54 24
  0x00007fffa6722754:   10 53 55 56 57 41 56 41 57 48 83 ec 28 48 8b f2
  0x00007fffa6722764:   4c 8b f1 48 89 4c 24 78 45 33 ff 44 89 7c 24 68
  0x00007fffa6722774:   c7 44 24 60 01 00 00 00 48 8d 4c 24 68 e8 ed 42
  0x00007fffa6722784:   f7 ff 8b d8 48 8d 4c 24 60 e8 e1 42 f7 ff 8b e8
  0x00007fffa6722794:   49 8b ce e8 00 fc f6 ff 48 8b f8 90 8b c3 f0 0f
  0x00007fffa67227a4:   b1 2f 74 04 f3 90 eb f4 4c 89 3e 4c 89 7e 08 4c
  0x00007fffa67227b4:   89 7e 10 49 8b 6e 08 4d 8b 76 10 49 3b ee 0f 84


Stack slot to memory mapping:

stack at sp + 0 slots: 0x000000fa521ff3c0 is pointing into the stack for thread: 0x0000022d6bc8d1f0
stack at sp + 1 slots: 0x0000022d45ba0b00 points into unknown readable memory: 0x000000070b400810 | 10 08 40 0b 07 00 00 00
stack at sp + 2 slots: 0x0 is null
stack at sp + 3 slots: 0x0000022d6bc8dd80 points into unknown readable memory: 0x6e616c2e6176616a | 6a 61 76 61 2e 6c 61 6e
stack at sp + 4 slots: 0x0000000000000036 is an unknown value
stack at sp + 5 slots: 0x00007fffa6722b9b libasyncProfiler.dll
stack at sp + 6 slots: 0x0 is null
stack at sp + 7 slots: 0x0000022d6bc8d5b8 points into unknown readable memory: 0x00007fffa24017b0 | b0 17 40 a2 ff 7f 00 00

Lock stack of current Java thread (top to bottom):


---------------  P R O C E S S  ---------------

Threads class SMR info:
_java_thread_list=0x0000022d45453dc0, length=29, elements={
0x0000022d6bc86080, 0x0000022d6bc869c0, 0x0000022d6bc89b20, 0x0000022d6bc8d1f0,
0x0000022d6bc904b0, 0x0000022d6bc94b80, 0x0000022d6bc9f7f0, 0x0000022d6bca0af0,
0x0000022d450f91d0, 0x0000022d45268f10, 0x0000022d45296950, 0x0000022d45297090,
0x0000022d459f7200, 0x0000022d452f18c0, 0x0000022d46138210, 0x0000022d4617b220,
0x0000022d45a97fb0, 0x0000022d460d9060, 0x0000022d45ad2790, 0x0000022d45ad0a50,
0x0000022d45ad2040, 0x0000022d45ad2ee0, 0x0000022d45ad11a0, 0x0000022d46e32fa0,
0x0000022d450fe340, 0x0000022d450e2480, 0x0000022d46e34590, 0x0000022d48141830,
0x0000022d46e32850
}

Java Threads: ( => current thread )
  0x0000022d6bc86080 JavaThread "Reference Handler"          daemon [_thread_blocked, id=25744, stack(0x000000fa51e00000,0x000000fa51f00000) (1024K)]
  0x0000022d6bc869c0 JavaThread "Finalizer"                  daemon [_thread_blocked, id=29672, stack(0x000000fa51f00000,0x000000fa52000000) (1024K)]
  0x0000022d6bc89b20 JavaThread "Signal Dispatcher"          daemon [_thread_blocked, id=25348, stack(0x000000fa52000000,0x000000fa52100000) (1024K)]
=>0x0000022d6bc8d1f0 JavaThread "Attach Listener"            daemon [_thread_in_native, id=5536, stack(0x000000fa52100000,0x000000fa52200000) (1024K)]
  0x0000022d6bc904b0 JavaThread "Service Thread"             daemon [_thread_blocked, id=3384, stack(0x000000fa52200000,0x000000fa52300000) (1024K)]
  0x0000022d6bc94b80 JavaThread "Monitor Deflation Thread"   daemon [_thread_blocked, id=20532, stack(0x000000fa52300000,0x000000fa52400000) (1024K)]
  0x0000022d6bc9f7f0 JavaThread "C2 CompilerThread0"         daemon [_thread_blocked, id=18924, stack(0x000000fa52400000,0x000000fa52500000) (1024K)]
  0x0000022d6bca0af0 JavaThread "C1 CompilerThread0"         daemon [_thread_blocked, id=20412, stack(0x000000fa52500000,0x000000fa52600000) (1024K)]
  0x0000022d450f91d0 JavaThread "C1 CompilerThread1"         daemon [_thread_blocked, id=18324, stack(0x000000fa52600000,0x000000fa52700000) (1024K)]
  0x0000022d45268f10 JavaThread "Common-Cleaner"             daemon [_thread_blocked, id=20416, stack(0x000000fa52a00000,0x000000fa52b00000) (1024K)]
  0x0000022d45296950 JavaThread "Monitor Ctrl-Break"         daemon [_thread_in_native, id=13736, stack(0x000000fa52b00000,0x000000fa52c00000) (1024K)]
  0x0000022d45297090 JavaThread "Notification Thread"        daemon [_thread_blocked, id=29144, stack(0x000000fa52c00000,0x000000fa52d00000) (1024K)]
  0x0000022d459f7200 JavaThread "Java2D Disposer"            daemon [_thread_blocked, id=996, stack(0x000000fa52e00000,0x000000fa52f00000) (1024K)]
  0x0000022d452f18c0 JavaThread "AWT-Windows"                daemon [_thread_in_native, id=9364, stack(0x000000fa53100000,0x000000fa53200000) (1024K)]
  0x0000022d46138210 JavaThread "Image Fetcher 0"            daemon [_thread_blocked, id=1888, stack(0x000000fa53300000,0x000000fa53400000) (1024K)]
  0x0000022d4617b220 JavaThread "RMI TCP Accept-0"           daemon [_thread_in_native, id=18760, stack(0x000000fa53400000,0x000000fa53500000) (1024K)]
  0x0000022d45a97fb0 JavaThread "RMI TCP Connection(1)-10.51.225.171" daemon [_thread_in_native, id=22152, stack(0x000000fa53500000,0x000000fa53600000) (1024K)]
  0x0000022d460d9060 JavaThread "RMI Scheduler(0)"           daemon [_thread_blocked, id=9092, stack(0x000000fa53600000,0x000000fa53700000) (1024K)]
  0x0000022d45ad2790 JavaThread "JMX server connection timeout 45" daemon [_thread_blocked, id=20716, stack(0x000000fa53700000,0x000000fa53800000) (1024K)]
  0x0000022d45ad0a50 JavaThread "Image Fetcher 1"            daemon [_thread_blocked, id=2280, stack(0x000000fa52900000,0x000000fa52a00000) (1024K)]
  0x0000022d45ad2040 JavaThread "AWT-Shutdown"                      [_thread_blocked, id=14644, stack(0x000000fa52f00000,0x000000fa53000000) (1024K)]
  0x0000022d45ad2ee0 JavaThread "AWT-EventQueue-0"                  [_thread_blocked, id=28468, stack(0x000000fa53000000,0x000000fa53100000) (1024K)]
  0x0000022d45ad11a0 JavaThread "DestroyJavaVM"                     [_thread_blocked, id=14960, stack(0x000000fa51600000,0x000000fa51700000) (1024K)]
  0x0000022d46e32fa0 JavaThread "TimerQueue"                 daemon [_thread_blocked, id=28588, stack(0x000000fa54500000,0x000000fa54600000) (1024K)]
  0x0000022d450fe340 JavaThread "C2 CompilerThread1"         daemon [_thread_blocked, id=27980, stack(0x000000fa52700000,0x000000fa52800000) (1024K)]
  0x0000022d450e2480 JavaThread "C2 CompilerThread2"         daemon [_thread_blocked, id=5612, stack(0x000000fa52800000,0x000000fa52900000) (1024K)]
  0x0000022d46e34590 JavaThread "JFR Recorder Thread"        daemon [_thread_in_native, id=21716, stack(0x000000fa54400000,0x000000fa54500000) (1024K)]
  0x0000022d48141830 JavaThread "C1 CompilerThread2"         daemon [_thread_blocked, id=12180, stack(0x000000fa54600000,0x000000fa54700000) (1024K)]
  0x0000022d46e32850 JavaThread "JFR Periodic Tasks"         daemon [_thread_blocked, id=16424, stack(0x000000fa54700000,0x000000fa54800000) (1024K)]
Total: 29

Other Threads:
  0x0000022d6bc729c0 VMThread "VM Thread"                           [id=21052, stack(0x000000fa51d00000,0x000000fa51e00000) (1024K)]
  0x0000022d6bb33640 WatcherThread "VM Periodic Task Thread"        [id=29100, stack(0x000000fa51c00000,0x000000fa51d00000) (1024K)]
  0x0000022d4973e750 WorkerThread "GC Thread#0"                     [id=28848, stack(0x000000fa51700000,0x000000fa51800000) (1024K)]
  0x0000022d461100b0 WorkerThread "GC Thread#1"                     [id=25112, stack(0x000000fa53800000,0x000000fa53900000) (1024K)]
  0x0000022d460d11e0 WorkerThread "GC Thread#2"                     [id=9640, stack(0x000000fa53900000,0x000000fa53a00000) (1024K)]
  0x0000022d460d1590 WorkerThread "GC Thread#3"                     [id=11420, stack(0x000000fa53a00000,0x000000fa53b00000) (1024K)]
  0x0000022d460d1940 WorkerThread "GC Thread#4"                     [id=30044, stack(0x000000fa53b00000,0x000000fa53c00000) (1024K)]
  0x0000022d4619dca0 WorkerThread "GC Thread#5"                     [id=18688, stack(0x000000fa53c00000,0x000000fa53d00000) (1024K)]
  0x0000022d46067150 WorkerThread "GC Thread#6"                     [id=9152, stack(0x000000fa53d00000,0x000000fa53e00000) (1024K)]
  0x0000022d45b21b70 WorkerThread "GC Thread#7"                     [id=29440, stack(0x000000fa53e00000,0x000000fa53f00000) (1024K)]
  0x0000022d45b22a30 WorkerThread "GC Thread#8"                     [id=3880, stack(0x000000fa53f00000,0x000000fa54000000) (1024K)]
  0x0000022d45bb0820 WorkerThread "GC Thread#9"                     [id=11764, stack(0x000000fa52d00000,0x000000fa52e00000) (1024K)]
  0x0000022d4bb89960 ConcurrentGCThread "G1 Main Marker"            [id=12324, stack(0x000000fa51800000,0x000000fa51900000) (1024K)]
  0x0000022d4bb8a380 WorkerThread "G1 Conc#0"                       [id=25708, stack(0x000000fa51900000,0x000000fa51a00000) (1024K)]
  0x0000022d45baeaa0 WorkerThread "G1 Conc#1"                       [id=18928, stack(0x000000fa53200000,0x000000fa53300000) (1024K)]
  0x0000022d45bae6f0 WorkerThread "G1 Conc#2"                       [id=10604, stack(0x000000fa54000000,0x000000fa54100000) (1024K)]
  0x0000022d6bb20da0 ConcurrentGCThread "G1 Refine#0"               [id=14364, stack(0x000000fa51a00000,0x000000fa51b00000) (1024K)]
  0x0000022d6bb225e0 ConcurrentGCThread "G1 Service"                [id=23324, stack(0x000000fa51b00000,0x000000fa51c00000) (1024K)]
Total: 18

Threads with active compile tasks:
Total: 0

VM state: not at safepoint (normal execution)

VM Mutex/Monitor currently owned by a thread: None

Heap address: 0x0000000704400000, size: 4028 MB, Compressed Oops mode: Zero based, Oop shift amount: 3

CDS archive(s) mapped at: [0x0000022d00000000-0x0000022d00d40000-0x0000022d00d40000), size 13893632, SharedBaseAddress: 0x0000022d00000000, ArchiveRelocationMode: 1.
Compressed class space mapped at: 0x0000022d01000000-0x0000022d41000000, reserved size: 1073741824
UseCompressedClassPointers 1, UseCompactObjectHeaders 0
Narrow klass pointer bits 32, Max shift 3
Narrow klass base: 0x0000022d00000000, Narrow klass shift: 0
Encoding Range: [0x0000022d00000000 - 0x0000022e00000000), (4294967296 bytes)
Klass Range:    [0x0000022d00000000 - 0x0000022d41000000), (1090519040 bytes)
Klass ID Range:  [8 - 1090519033) (1090519025)

GC Precious Log:
 CardTable entry size: 512
 Card Set container configuration: InlinePtr #cards 4 size 8 Array Of Cards #cards 16 size 48 Howl #buckets 8 coarsen threshold 3686 Howl Bitmap #cards 512 size 80 coarsen threshold 460 Card regions per heap region 1 cards per card region 4096
 CPUs: 16 total, 16 available
 Memory: 16109M
 Large Page Support: Disabled
 NUMA Support: Disabled
 Compressed Oops: Enabled (Zero based)
 Heap Region Size: 2M
 Heap Min Capacity: 8M
 Heap Initial Capacity: 252M
 Heap Max Capacity: 4028M
 Pre-touch: Disabled
 Parallel Workers: 13
 Concurrent Workers: 3
 Concurrent Refinement Workers: 13
 Periodic GC: Disabled

Heap:
 garbage-first heap   total reserved 4124672K, committed 260096K, used 179364K [0x0000000704400000, 0x0000000800000000)
  region size 2048K, 16 young (32768K), 1 survivors (2048K)
 Metaspace       used 20892K, committed 21312K, reserved 1114112K
  class space    used 2043K, committed 2240K, reserved 1048576K

Heap Regions: E=young(eden), S=young(survivor), O=old, HS=humongous(starts), HC=humongous(continues), CS=collection set, F=free, TAMS=top-at-mark-start, PB=parsable bottom
|   0|0x0000000704400000, 0x0000000704600000, 0x0000000704600000|100%|HS|  |TAMS 0x0000000704400000| PB 0x0000000704400000| Complete |  0
|   1|0x0000000704600000, 0x0000000704800000, 0x0000000704800000|100%|HC|  |TAMS 0x0000000704600000| PB 0x0000000704600000| Complete |  0
|   2|0x0000000704800000, 0x0000000704a00000, 0x0000000704a00000|100%|HC|  |TAMS 0x0000000704800000| PB 0x0000000704800000| Complete |  0
|   3|0x0000000704a00000, 0x0000000704c00000, 0x0000000704c00000|100%|HC|  |TAMS 0x0000000704a00000| PB 0x0000000704a00000| Complete |  0
|   4|0x0000000704c00000, 0x0000000704e00000, 0x0000000704e00000|100%|HC|  |TAMS 0x0000000704c00000| PB 0x0000000704c00000| Complete |  0
|   5|0x0000000704e00000, 0x0000000705000000, 0x0000000705000000|100%|HC|  |TAMS 0x0000000704e00000| PB 0x0000000704e00000| Complete |  0
|   6|0x0000000705000000, 0x0000000705200000, 0x0000000705200000|100%|HC|  |TAMS 0x0000000705000000| PB 0x0000000705000000| Complete |  0
|   7|0x0000000705200000, 0x0000000705400000, 0x0000000705400000|100%|HC|  |TAMS 0x0000000705200000| PB 0x0000000705200000| Complete |  0
|   8|0x0000000705400000, 0x0000000705600000, 0x0000000705600000|100%|HC|  |TAMS 0x0000000705400000| PB 0x0000000705400000| Complete |  0
|   9|0x0000000705600000, 0x0000000705800000, 0x0000000705800000|100%|HC|  |TAMS 0x0000000705600000| PB 0x0000000705600000| Complete |  0
|  10|0x0000000705800000, 0x0000000705a00000, 0x0000000705a00000|100%|HC|  |TAMS 0x0000000705800000| PB 0x0000000705800000| Complete |  0
|  11|0x0000000705a00000, 0x0000000705c00000, 0x0000000705c00000|100%|HC|  |TAMS 0x0000000705a00000| PB 0x0000000705a00000| Complete |  0
|  12|0x0000000705c00000, 0x0000000705e00000, 0x0000000705e00000|100%|HC|  |TAMS 0x0000000705c00000| PB 0x0000000705c00000| Complete |  0
|  13|0x0000000705e00000, 0x0000000706000000, 0x0000000706000000|100%|HS|  |TAMS 0x0000000705e00000| PB 0x0000000705e00000| Complete |  0
|  14|0x0000000706000000, 0x0000000706200000, 0x0000000706200000|100%|HS|  |TAMS 0x0000000706000000| PB 0x0000000706000000| Complete |  0
|  15|0x0000000706200000, 0x0000000706400000, 0x0000000706400000|100%|HS|  |TAMS 0x0000000706200000| PB 0x0000000706200000| Complete |  0
|  16|0x0000000706400000, 0x0000000706600000, 0x0000000706600000|100%|HS|  |TAMS 0x0000000706400000| PB 0x0000000706400000| Complete |  0
|  17|0x0000000706600000, 0x0000000706800000, 0x0000000706800000|100%|HS|  |TAMS 0x0000000706600000| PB 0x0000000706600000| Complete |  0
|  18|0x0000000706800000, 0x0000000706a00000, 0x0000000706a00000|100%|HS|  |TAMS 0x0000000706800000| PB 0x0000000706800000| Complete |  0
|  19|0x0000000706a00000, 0x0000000706c00000, 0x0000000706c00000|100%|HS|  |TAMS 0x0000000706a00000| PB 0x0000000706a00000| Complete |  0
|  20|0x0000000706c00000, 0x0000000706e00000, 0x0000000706e00000|100%|HC|  |TAMS 0x0000000706c00000| PB 0x0000000706c00000| Complete |  0
|  21|0x0000000706e00000, 0x0000000707000000, 0x0000000707000000|100%|HC|  |TAMS 0x0000000706e00000| PB 0x0000000706e00000| Complete |  0
|  22|0x0000000707000000, 0x0000000707200000, 0x0000000707200000|100%|HC|  |TAMS 0x0000000707000000| PB 0x0000000707000000| Complete |  0
|  23|0x0000000707200000, 0x0000000707400000, 0x0000000707400000|100%|HC|  |TAMS 0x0000000707200000| PB 0x0000000707200000| Complete |  0
|  24|0x0000000707400000, 0x0000000707600000, 0x0000000707600000|100%|HC|  |TAMS 0x0000000707400000| PB 0x0000000707400000| Complete |  0
|  25|0x0000000707600000, 0x0000000707800000, 0x0000000707800000|100%|HC|  |TAMS 0x0000000707600000| PB 0x0000000707600000| Complete |  0
|  26|0x0000000707800000, 0x0000000707a00000, 0x0000000707a00000|100%|HC|  |TAMS 0x0000000707800000| PB 0x0000000707800000| Complete |  0
|  27|0x0000000707a00000, 0x0000000707c00000, 0x0000000707c00000|100%|HC|  |TAMS 0x0000000707a00000| PB 0x0000000707a00000| Complete |  0
|  28|0x0000000707c00000, 0x0000000707e00000, 0x0000000707e00000|100%|HC|  |TAMS 0x0000000707c00000| PB 0x0000000707c00000| Complete |  0
|  29|0x0000000707e00000, 0x0000000708000000, 0x0000000708000000|100%|HC|  |TAMS 0x0000000707e00000| PB 0x0000000707e00000| Complete |  0
|  30|0x0000000708000000, 0x0000000708200000, 0x0000000708200000|100%|HC|  |TAMS 0x0000000708000000| PB 0x0000000708000000| Complete |  0
|  31|0x0000000708200000, 0x0000000708400000, 0x0000000708400000|100%|HC|  |TAMS 0x0000000708200000| PB 0x0000000708200000| Complete |  0
|  32|0x0000000708400000, 0x0000000708600000, 0x0000000708600000|100%|HC|  |TAMS 0x0000000708400000| PB 0x0000000708400000| Complete |  0
|  33|0x0000000708600000, 0x0000000708800000, 0x0000000708800000|100%|HC|  |TAMS 0x0000000708600000| PB 0x0000000708600000| Complete |  0
|  34|0x0000000708800000, 0x0000000708a00000, 0x0000000708a00000|100%|HC|  |TAMS 0x0000000708800000| PB 0x0000000708800000| Complete |  0
|  35|0x0000000708a00000, 0x0000000708c00000, 0x0000000708c00000|100%|HC|  |TAMS 0x0000000708a00000| PB 0x0000000708a00000| Complete |  0
|  36|0x0000000708c00000, 0x0000000708e00000, 0x0000000708e00000|100%|HC|  |TAMS 0x0000000708c00000| PB 0x0000000708c00000| Complete |  0
|  37|0x0000000708e00000, 0x0000000709000000, 0x0000000709000000|100%|HC|  |TAMS 0x0000000708e00000| PB 0x0000000708e00000| Complete |  0
|  38|0x0000000709000000, 0x0000000709200000, 0x0000000709200000|100%|HC|  |TAMS 0x0000000709000000| PB 0x0000000709000000| Complete |  0
|  39|0x0000000709200000, 0x0000000709400000, 0x0000000709400000|100%|HC|  |TAMS 0x0000000709200000| PB 0x0000000709200000| Complete |  0
|  40|0x0000000709400000, 0x0000000709600000, 0x0000000709600000|100%|HC|  |TAMS 0x0000000709400000| PB 0x0000000709400000| Complete |  0
|  41|0x0000000709600000, 0x0000000709800000, 0x0000000709800000|100%|HC|  |TAMS 0x0000000709600000| PB 0x0000000709600000| Complete |  0
|  42|0x0000000709800000, 0x0000000709a00000, 0x0000000709a00000|100%|HC|  |TAMS 0x0000000709800000| PB 0x0000000709800000| Complete |  0
|  43|0x0000000709a00000, 0x0000000709c00000, 0x0000000709c00000|100%|HC|  |TAMS 0x0000000709a00000| PB 0x0000000709a00000| Complete |  0
|  44|0x0000000709c00000, 0x0000000709e00000, 0x0000000709e00000|100%|HS|  |TAMS 0x0000000709c00000| PB 0x0000000709c00000| Complete |  0
|  45|0x0000000709e00000, 0x000000070a000000, 0x000000070a000000|100%|HS|  |TAMS 0x0000000709e00000| PB 0x0000000709e00000| Complete |  0
|  46|0x000000070a000000, 0x000000070a200000, 0x000000070a200000|100%|HC|  |TAMS 0x000000070a000000| PB 0x000000070a000000| Complete |  0
|  47|0x000000070a200000, 0x000000070a400000, 0x000000070a400000|100%|HS|  |TAMS 0x000000070a200000| PB 0x000000070a200000| Complete |  0
|  48|0x000000070a400000, 0x000000070a600000, 0x000000070a600000|100%|HC|  |TAMS 0x000000070a400000| PB 0x000000070a400000| Complete |  0
|  49|0x000000070a600000, 0x000000070a800000, 0x000000070a800000|100%|HC|  |TAMS 0x000000070a600000| PB 0x000000070a600000| Complete |  0
|  50|0x000000070a800000, 0x000000070aa00000, 0x000000070aa00000|100%|HS|  |TAMS 0x000000070a800000| PB 0x000000070a800000| Complete |  0
|  51|0x000000070aa00000, 0x000000070ac00000, 0x000000070ac00000|100%|HS|  |TAMS 0x000000070aa00000| PB 0x000000070aa00000| Complete |  0
|  52|0x000000070ac00000, 0x000000070ae00000, 0x000000070ae00000|100%|HS|  |TAMS 0x000000070ac00000| PB 0x000000070ac00000| Complete |  0
|  53|0x000000070ae00000, 0x000000070b000000, 0x000000070b000000|100%|HS|  |TAMS 0x000000070ae00000| PB 0x000000070ae00000| Complete |  0
|  54|0x000000070b000000, 0x000000070b200000, 0x000000070b200000|100%|HS|  |TAMS 0x000000070b000000| PB 0x000000070b000000| Complete |  0
|  55|0x000000070b200000, 0x000000070b400000, 0x000000070b400000|100%|HS|  |TAMS 0x000000070b200000| PB 0x000000070b200000| Complete |  0
|  56|0x000000070b400000, 0x000000070b600000, 0x000000070b600000|100%| O|  |TAMS 0x000000070b400000| PB 0x000000070b400000| Untracked |  0
|  57|0x000000070b600000, 0x000000070b800000, 0x000000070b800000|100%| O|  |TAMS 0x000000070b600000| PB 0x000000070b600000| Untracked |  0
|  58|0x000000070b800000, 0x000000070ba00000, 0x000000070ba00000|100%| O|  |TAMS 0x000000070b800000| PB 0x000000070b800000| Untracked |  0
|  59|0x000000070ba00000, 0x000000070bc00000, 0x000000070bc00000|100%| O|  |TAMS 0x000000070ba00000| PB 0x000000070ba00000| Untracked |  0
|  60|0x000000070bc00000, 0x000000070be00000, 0x000000070be00000|100%| O|  |TAMS 0x000000070bc00000| PB 0x000000070bc00000| Untracked |  0
|  61|0x000000070be00000, 0x000000070c000000, 0x000000070c000000|100%| O|  |TAMS 0x000000070be00000| PB 0x000000070be00000| Untracked |  0
|  62|0x000000070c000000, 0x000000070c200000, 0x000000070c200000|100%| O|  |TAMS 0x000000070c000000| PB 0x000000070c000000| Untracked |  0
|  63|0x000000070c200000, 0x000000070c307ae0, 0x000000070c400000| 51%| O|  |TAMS 0x000000070c200000| PB 0x000000070c200000| Untracked |  0
|  64|0x000000070c400000, 0x000000070c600000, 0x000000070c600000|100%|HS|  |TAMS 0x000000070c400000| PB 0x000000070c400000| Complete |  0
|  65|0x000000070c600000, 0x000000070c800000, 0x000000070c800000|100%|HS|  |TAMS 0x000000070c600000| PB 0x000000070c600000| Complete |  0
|  66|0x000000070c800000, 0x000000070ca00000, 0x000000070ca00000|100%|HS|  |TAMS 0x000000070c800000| PB 0x000000070c800000| Complete |  0
|  67|0x000000070ca00000, 0x000000070cc00000, 0x000000070cc00000|100%|HS|  |TAMS 0x000000070ca00000| PB 0x000000070ca00000| Complete |  0
|  68|0x000000070cc00000, 0x000000070ce00000, 0x000000070ce00000|100%|HC|  |TAMS 0x000000070cc00000| PB 0x000000070cc00000| Complete |  0
|  69|0x000000070ce00000, 0x000000070d000000, 0x000000070d000000|100%|HS|  |TAMS 0x000000070ce00000| PB 0x000000070ce00000| Complete |  1
|  70|0x000000070d000000, 0x000000070d200000, 0x000000070d200000|100%|HC|  |TAMS 0x000000070d000000| PB 0x000000070d000000| Complete |  0
|  71|0x000000070d200000, 0x000000070d400000, 0x000000070d400000|100%|HC|  |TAMS 0x000000070d200000| PB 0x000000070d200000| Complete |  0
|  72|0x000000070d400000, 0x000000070d600000, 0x000000070d600000|100%|HC|  |TAMS 0x000000070d400000| PB 0x000000070d400000| Complete |  0
|  73|0x000000070d600000, 0x000000070d600000, 0x000000070d800000|  0%| F|  |TAMS 0x000000070d600000| PB 0x000000070d600000| Untracked |  0
|  74|0x000000070d800000, 0x000000070d800000, 0x000000070da00000|  0%| F|  |TAMS 0x000000070d800000| PB 0x000000070d800000| Untracked |  0
|  75|0x000000070da00000, 0x000000070da00000, 0x000000070dc00000|  0%| F|  |TAMS 0x000000070da00000| PB 0x000000070da00000| Untracked |  0
|  76|0x000000070dc00000, 0x000000070dc00000, 0x000000070de00000|  0%| F|  |TAMS 0x000000070dc00000| PB 0x000000070dc00000| Untracked |  0
|  77|0x000000070de00000, 0x000000070de00000, 0x000000070e000000|  0%| F|  |TAMS 0x000000070de00000| PB 0x000000070de00000| Untracked |  0
|  78|0x000000070e000000, 0x000000070e000000, 0x000000070e200000|  0%| F|  |TAMS 0x000000070e000000| PB 0x000000070e000000| Untracked |  0
|  79|0x000000070e200000, 0x000000070e200000, 0x000000070e400000|  0%| F|  |TAMS 0x000000070e200000| PB 0x000000070e200000| Untracked |  0
|  80|0x000000070e400000, 0x000000070e400000, 0x000000070e600000|  0%| F|  |TAMS 0x000000070e400000| PB 0x000000070e400000| Untracked |  0
|  81|0x000000070e600000, 0x000000070e600000, 0x000000070e800000|  0%| F|  |TAMS 0x000000070e600000| PB 0x000000070e600000| Untracked |  0
|  82|0x000000070e800000, 0x000000070e800000, 0x000000070ea00000|  0%| F|  |TAMS 0x000000070e800000| PB 0x000000070e800000| Untracked |  0
|  83|0x000000070ea00000, 0x000000070ea00000, 0x000000070ec00000|  0%| F|  |TAMS 0x000000070ea00000| PB 0x000000070ea00000| Untracked |  0
|  84|0x000000070ec00000, 0x000000070ec00000, 0x000000070ee00000|  0%| F|  |TAMS 0x000000070ec00000| PB 0x000000070ec00000| Untracked |  0
|  85|0x000000070ee00000, 0x000000070ee00000, 0x000000070f000000|  0%| F|  |TAMS 0x000000070ee00000| PB 0x000000070ee00000| Untracked |  0
|  86|0x000000070f000000, 0x000000070f000000, 0x000000070f200000|  0%| F|  |TAMS 0x000000070f000000| PB 0x000000070f000000| Untracked |  0
|  87|0x000000070f200000, 0x000000070f200000, 0x000000070f400000|  0%| F|  |TAMS 0x000000070f200000| PB 0x000000070f200000| Untracked |  0
|  88|0x000000070f400000, 0x000000070f400000, 0x000000070f600000|  0%| F|  |TAMS 0x000000070f400000| PB 0x000000070f400000| Untracked |  0
|  89|0x000000070f600000, 0x000000070f600000, 0x000000070f800000|  0%| F|  |TAMS 0x000000070f600000| PB 0x000000070f600000| Untracked |  0
|  90|0x000000070f800000, 0x000000070f800000, 0x000000070fa00000|  0%| F|  |TAMS 0x000000070f800000| PB 0x000000070f800000| Untracked |  0
|  91|0x000000070fa00000, 0x000000070fa00000, 0x000000070fc00000|  0%| F|  |TAMS 0x000000070fa00000| PB 0x000000070fa00000| Untracked |  0
|  92|0x000000070fc00000, 0x000000070fc00000, 0x000000070fe00000|  0%| F|  |TAMS 0x000000070fc00000| PB 0x000000070fc00000| Untracked |  0
|  93|0x000000070fe00000, 0x000000070fe00000, 0x0000000710000000|  0%| F|  |TAMS 0x000000070fe00000| PB 0x000000070fe00000| Untracked |  0
|  94|0x0000000710000000, 0x0000000710000000, 0x0000000710200000|  0%| F|  |TAMS 0x0000000710000000| PB 0x0000000710000000| Untracked |  0
|  95|0x0000000710200000, 0x0000000710200000, 0x0000000710400000|  0%| F|  |TAMS 0x0000000710200000| PB 0x0000000710200000| Untracked |  0
|  96|0x0000000710400000, 0x0000000710400000, 0x0000000710600000|  0%| F|  |TAMS 0x0000000710400000| PB 0x0000000710400000| Untracked |  0
|  97|0x0000000710600000, 0x0000000710600000, 0x0000000710800000|  0%| F|  |TAMS 0x0000000710600000| PB 0x0000000710600000| Untracked |  0
|  98|0x0000000710800000, 0x0000000710800000, 0x0000000710a00000|  0%| F|  |TAMS 0x0000000710800000| PB 0x0000000710800000| Untracked |  0
|  99|0x0000000710a00000, 0x0000000710a00000, 0x0000000710c00000|  0%| F|  |TAMS 0x0000000710a00000| PB 0x0000000710a00000| Untracked |  0
| 100|0x0000000710c00000, 0x0000000710c00000, 0x0000000710e00000|  0%| F|  |TAMS 0x0000000710c00000| PB 0x0000000710c00000| Untracked |  0
| 101|0x0000000710e00000, 0x0000000710e00000, 0x0000000711000000|  0%| F|  |TAMS 0x0000000710e00000| PB 0x0000000710e00000| Untracked |  0
| 102|0x0000000711000000, 0x0000000711000000, 0x0000000711200000|  0%| F|  |TAMS 0x0000000711000000| PB 0x0000000711000000| Untracked |  0
| 103|0x0000000711200000, 0x0000000711200000, 0x0000000711400000|  0%| F|  |TAMS 0x0000000711200000| PB 0x0000000711200000| Untracked |  0
| 104|0x0000000711400000, 0x0000000711400000, 0x0000000711600000|  0%| F|  |TAMS 0x0000000711400000| PB 0x0000000711400000| Untracked |  0
| 105|0x0000000711600000, 0x0000000711600000, 0x0000000711800000|  0%| F|  |TAMS 0x0000000711600000| PB 0x0000000711600000| Untracked |  0
| 106|0x0000000711800000, 0x0000000711800000, 0x0000000711a00000|  0%| F|  |TAMS 0x0000000711800000| PB 0x0000000711800000| Untracked |  0
| 107|0x0000000711a00000, 0x0000000711a00000, 0x0000000711c00000|  0%| F|  |TAMS 0x0000000711a00000| PB 0x0000000711a00000| Untracked |  0
| 108|0x0000000711c00000, 0x0000000711c00000, 0x0000000711e00000|  0%| F|  |TAMS 0x0000000711c00000| PB 0x0000000711c00000| Untracked |  0
| 109|0x0000000711e00000, 0x0000000711e00000, 0x0000000712000000|  0%| F|  |TAMS 0x0000000711e00000| PB 0x0000000711e00000| Untracked |  0
| 110|0x0000000712000000, 0x00000007121d40f0, 0x0000000712200000| 91%| E|  |TAMS 0x0000000712000000| PB 0x0000000712000000| Complete |  0
| 111|0x0000000712200000, 0x0000000712400000, 0x0000000712400000|100%| E|CS|TAMS 0x0000000712200000| PB 0x0000000712200000| Complete |  0
| 112|0x0000000712400000, 0x0000000712600000, 0x0000000712600000|100%| E|CS|TAMS 0x0000000712400000| PB 0x0000000712400000| Complete |  0
| 113|0x0000000712600000, 0x0000000712800000, 0x0000000712800000|100%| E|CS|TAMS 0x0000000712600000| PB 0x0000000712600000| Complete |  0
| 114|0x0000000712800000, 0x0000000712a00000, 0x0000000712a00000|100%| E|CS|TAMS 0x0000000712800000| PB 0x0000000712800000| Complete |  0
| 115|0x0000000712a00000, 0x0000000712c00000, 0x0000000712c00000|100%| E|CS|TAMS 0x0000000712a00000| PB 0x0000000712a00000| Complete |  0
| 116|0x0000000712c00000, 0x0000000712e00000, 0x0000000712e00000|100%| E|CS|TAMS 0x0000000712c00000| PB 0x0000000712c00000| Complete |  0
| 117|0x0000000712e00000, 0x0000000713000000, 0x0000000713000000|100%| E|CS|TAMS 0x0000000712e00000| PB 0x0000000712e00000| Complete |  0
| 118|0x0000000713000000, 0x0000000713200000, 0x0000000713200000|100%| E|CS|TAMS 0x0000000713000000| PB 0x0000000713000000| Complete |  0
| 119|0x0000000713200000, 0x0000000713400000, 0x0000000713400000|100%| E|CS|TAMS 0x0000000713200000| PB 0x0000000713200000| Complete |  0
| 120|0x0000000713400000, 0x0000000713505430, 0x0000000713600000| 51%| S|CS|TAMS 0x0000000713400000| PB 0x0000000713400000| Complete |  0
| 121|0x0000000713600000, 0x0000000713800000, 0x0000000713800000|100%| E|CS|TAMS 0x0000000713600000| PB 0x0000000713600000| Complete |  0
| 122|0x0000000713800000, 0x0000000713a00000, 0x0000000713a00000|100%| E|CS|TAMS 0x0000000713800000| PB 0x0000000713800000| Complete |  0
| 123|0x0000000713a00000, 0x0000000713c00000, 0x0000000713c00000|100%| E|CS|TAMS 0x0000000713a00000| PB 0x0000000713a00000| Complete |  0
| 124|0x0000000713c00000, 0x0000000713e00000, 0x0000000713e00000|100%| E|CS|TAMS 0x0000000713c00000| PB 0x0000000713c00000| Complete |  0
| 125|0x0000000713e00000, 0x0000000714000000, 0x0000000714000000|100%| E|CS|TAMS 0x0000000713e00000| PB 0x0000000713e00000| Complete |  0
|2013|0x00000007ffe00000, 0x00000007fff1c288, 0x0000000800000000| 55%| O|Cm|TAMS 0x00000007ffe00000| PB 0x00000007ffe00000| Complete |  0

Card table byte_map: [0x0000022d64540000,0x0000022d64d20000] _byte_map_base: 0x0000022d60d1e000

Marking Bits: (CMBitMap*) 0x0000022d4bb75570
 Bits: [0x0000022d64d20000, 0x0000022d68c10000)

Polling page: 0x0000022d498f0000

Metaspace:

Usage:
  Non-class:     18.41 MB used.
      Class:      2.00 MB used.
       Both:     20.40 MB used.

Virtual space:
  Non-class space:       64.00 MB reserved,      18.62 MB ( 29%) committed,  1 nodes.
      Class space:        1.00 GB reserved,       2.19 MB ( <1%) committed,  1 nodes.
             Both:        1.06 GB reserved,      20.81 MB (  2%) committed. 

Chunk freelists:
   Non-Class:  12.98 MB
       Class:  13.74 MB
        Both:  26.72 MB

MaxMetaspaceSize: unlimited
CompressedClassSpaceSize: 1.00 GB
Initial GC threshold: 21.00 MB
Current GC threshold: 24.06 MB
CDS: on
 - commit_granule_bytes: 65536.
 - commit_granule_words: 8192.
 - virtual_space_node_default_size: 8388608.
 - enlarge_chunks_in_place: 1.
UseCompressedClassPointers 1, UseCompactObjectHeaders 0
Narrow klass pointer bits 32, Max shift 3
Narrow klass base: 0x0000022d00000000, Narrow klass shift: 0
Encoding Range: [0x0000022d00000000 - 0x0000022e00000000), (4294967296 bytes)
Klass Range:    [0x0000022d00000000 - 0x0000022d41000000), (1090519040 bytes)
Klass ID Range:  [8 - 1090519033) (1090519025)


Internal statistics:

num_allocs_failed_limit: 0.
num_arena_births: 318.
num_arena_deaths: 0.
num_vsnodes_births: 2.
num_vsnodes_deaths: 0.
num_space_committed: 333.
num_space_uncommitted: 0.
num_chunks_returned_to_freelist: 0.
num_chunks_taken_from_freelist: 567.
num_chunk_merges: 0.
num_chunk_splits: 324.
num_chunks_enlarged: 152.
num_inconsistent_stats: 0.

CodeHeap 'non-profiled nmethods': size=119232Kb used=1345Kb max_used=1345Kb free=117886Kb
 bounds [0x0000022d5bf40000, 0x0000022d5c1b0000, 0x0000022d633b0000]
CodeHeap 'profiled nmethods': size=119104Kb used=6523Kb max_used=6523Kb free=112580Kb
 bounds [0x0000022d543b0000, 0x0000022d54a10000, 0x0000022d5b800000]
CodeHeap 'non-nmethods': size=7424Kb used=2743Kb max_used=3315Kb free=4680Kb
 bounds [0x0000022d5b800000, 0x0000022d5bb50000, 0x0000022d5bf40000]
CodeCache: size=245760Kb, used=10611Kb, max_used=11183Kb, free=235146Kb
 total_blobs=4495, nmethods=3703, adapters=693, full_count=0
Compilation: enabled, stopped_count=0, restarted_count=0

Compilation events (20 events):
Event: 5.920 Thread 0x0000022d6bca0af0 nmethod 3692 0x0000022d5c08f008 code [0x0000022d5c08f100, 0x0000022d5c08f1c8]
Event: 5.920 Thread 0x0000022d48141830 nmethod 3694 0x0000022d5c08f308 code [0x0000022d5c08f400, 0x0000022d5c08f4c8]
Event: 5.920 Thread 0x0000022d6bca0af0 3697       3       jdk.jfr.internal.SettingsManager$InternalSetting::getValues (35 bytes)
Event: 5.920 Thread 0x0000022d48141830 3698       3       jdk.jfr.internal.Control::apply (10 bytes)
Event: 5.920 Thread 0x0000022d48141830 nmethod 3698 0x0000022d54a0b008 code [0x0000022d54a0b140, 0x0000022d54a0b348]
Event: 5.920 Thread 0x0000022d6bca0af0 nmethod 3697 0x0000022d54a0b388 code [0x0000022d54a0b4e0, 0x0000022d54a0b9a8]
Event: 5.920 Thread 0x0000022d48141830 3699       3       jdk.jfr.internal.Control::findCombine (121 bytes)
Event: 5.920 Thread 0x0000022d6bca0af0 3695       1       jdk.jfr.internal.PlatformEventType::isEnabled (5 bytes)
Event: 5.920 Thread 0x0000022d6bca0af0 nmethod 3695 0x0000022d5c08f608 code [0x0000022d5c08f700, 0x0000022d5c08f7c8]
Event: 5.920 Thread 0x0000022d450f91d0 nmethod 3696 0x0000022d54a0ba08 code [0x0000022d54a0bca0, 0x0000022d54a0d0f8]
Event: 5.921 Thread 0x0000022d48141830 nmethod 3699 0x0000022d54a0d188 code [0x0000022d54a0d3a0, 0x0000022d54a0e388]
Event: 5.921 Thread 0x0000022d6bc9f7f0 nmethod 3684 0x0000022d5c08f908 code [0x0000022d5c08fa20, 0x0000022d5c090000]
Event: 5.923 Thread 0x0000022d48141830 3700       1       jdk.jfr.internal.periodic.EventTask::getEventType (5 bytes)
Event: 5.923 Thread 0x0000022d48141830 nmethod 3700 0x0000022d5c090088 code [0x0000022d5c090180, 0x0000022d5c090248]
Event: 5.923 Thread 0x0000022d450f91d0 3701       1       jdk.jfr.internal.periodic.PeriodicTask::getPeriod (5 bytes)
Event: 5.923 Thread 0x0000022d48141830 3702       3       java.util.Comparator$$Lambda/0x0000022d01201020::compare (10 bytes)
Event: 5.923 Thread 0x0000022d6bca0af0 3703       3       java.util.Comparator::lambda$comparingLong$6043328a$1 (18 bytes)
Event: 5.923 Thread 0x0000022d450f91d0 nmethod 3701 0x0000022d5c090388 code [0x0000022d5c090480, 0x0000022d5c090548]
Event: 5.924 Thread 0x0000022d6bca0af0 nmethod 3703 0x0000022d54a0e408 code [0x0000022d54a0e560, 0x0000022d54a0e940]
Event: 5.924 Thread 0x0000022d48141830 nmethod 3702 0x0000022d54a0e988 code [0x0000022d54a0eae0, 0x0000022d54a0ef58]

GC Heap History (6 events):
Event: 0.440 GC heap before
{Heap before GC invocations=0 (full 0):
 garbage-first heap   total reserved 4124672K, committed 260096K, used 76912K [0x0000000704400000, 0x0000000800000000)
  region size 2048K, 24 young (49152K), 0 survivors (0K)
 Metaspace       used 11216K, committed 11520K, reserved 1114112K
  class space    used 1048K, committed 1152K, reserved 1048576K
}
Event: 0.444 GC heap after
{Heap after GC invocations=1 (full 0):
 garbage-first heap   total reserved 4124672K, committed 260096K, used 31334K [0x0000000704400000, 0x0000000800000000)
  region size 2048K, 2 young (4096K), 2 survivors (4096K)
 Metaspace       used 11216K, committed 11520K, reserved 1114112K
  class space    used 1048K, committed 1152K, reserved 1048576K
}
Event: 2.057 GC heap before
{Heap before GC invocations=1 (full 0):
 garbage-first heap   total reserved 4124672K, committed 260096K, used 215654K [0x0000000704400000, 0x0000000800000000)
  region size 2048K, 52 young (106496K), 2 survivors (4096K)
 Metaspace       used 13791K, committed 14144K, reserved 1114112K
  class space    used 1386K, committed 1536K, reserved 1048576K
}
Event: 2.061 GC heap after
{Heap after GC invocations=2 (full 0):
 garbage-first heap   total reserved 4124672K, committed 260096K, used 123991K [0x0000000704400000, 0x0000000800000000)
  region size 2048K, 6 young (12288K), 6 survivors (12288K)
 Metaspace       used 13791K, committed 14144K, reserved 1114112K
  class space    used 1386K, committed 1536K, reserved 1048576K
}
Event: 2.144 GC heap before
{Heap before GC invocations=2 (full 0):
 garbage-first heap   total reserved 4124672K, committed 260096K, used 136279K [0x0000000704400000, 0x0000000800000000)
  region size 2048K, 11 young (22528K), 6 survivors (12288K)
 Metaspace       used 14507K, committed 14784K, reserved 1114112K
  class space    used 1493K, committed 1600K, reserved 1048576K
}
Event: 2.148 GC heap after
{Heap after GC invocations=3 (full 0):
 garbage-first heap   total reserved 4124672K, committed 260096K, used 132260K [0x0000000704400000, 0x0000000800000000)
  region size 2048K, 1 young (2048K), 1 survivors (2048K)
 Metaspace       used 14507K, committed 14784K, reserved 1114112K
  class space    used 1493K, committed 1600K, reserved 1048576K
}

Dll operation events (15 events):
Event: 0.008 Loaded shared library C:\Users\Admin\.jdks\openjdk-24.0.1\bin\java.dll
Event: 0.032 Loaded shared library C:\Users\Admin\.jdks\openjdk-24.0.1\bin\jsvml.dll
Event: 0.055 Loaded shared library C:\Users\Admin\.jdks\openjdk-24.0.1\bin\zip.dll
Event: 0.058 Loaded shared library C:\Users\Admin\.jdks\openjdk-24.0.1\bin\instrument.dll
Event: 0.062 Loaded shared library C:\Users\Admin\.jdks\openjdk-24.0.1\bin\net.dll
Event: 0.063 Loaded shared library C:\Users\Admin\.jdks\openjdk-24.0.1\bin\nio.dll
Event: 0.067 Loaded shared library C:\Users\Admin\.jdks\openjdk-24.0.1\bin\zip.dll
Event: 0.090 Loaded shared library C:\Users\Admin\.jdks\openjdk-24.0.1\bin\extnet.dll
Event: 0.094 Loaded shared library C:\Users\Admin\.jdks\openjdk-24.0.1\bin\jimage.dll
Event: 0.102 Loaded shared library C:\Users\Admin\.jdks\openjdk-24.0.1\bin\awt.dll
Event: 0.179 Loaded shared library C:\Users\Admin\.jdks\openjdk-24.0.1\bin\management.dll
Event: 0.183 Loaded shared library C:\Users\Admin\.jdks\openjdk-24.0.1\bin\management_ext.dll
Event: 2.499 Loaded shared library C:\Users\Admin\.jdks\openjdk-24.0.1\bin\freetype.dll
Event: 2.500 Loaded shared library C:\Users\Admin\.jdks\openjdk-24.0.1\bin\fontmanager.dll
Event: 5.724 Loaded shared library C:\Users\Admin\AppData\Local\Temp\idea_libasyncProfiler_dll_temp_folder8\libasyncProfiler.dll

Deoptimization events (20 events):
Event: 5.860 Thread 0x0000022d6bc8d1f0 Uncommon trap: trap_request=0xffffffcc fr.pc=0x0000022d5c0701fc relative=0x00000000000003bc
Event: 5.860 Thread 0x0000022d6bc8d1f0 Uncommon trap: reason=intrinsic_or_type_checked_inlining action=make_not_entrant pc=0x0000022d5c0701fc method=java.util.Arrays.copyOf([Ljava/lang/Object;ILjava/lang/Class;)[Ljava/lang/Object; @ 35 c2
Event: 5.860 Thread 0x0000022d6bc8d1f0 DEOPT PACKING pc=0x0000022d5c0701fc sp=0x000000fa521fe630
Event: 5.860 Thread 0x0000022d6bc8d1f0 DEOPT UNPACKING pc=0x0000022d5b918602 sp=0x000000fa521fe5c0 mode 2
Event: 5.866 Thread 0x0000022d6bc8d1f0 Uncommon trap: trap_request=0xffffff6e fr.pc=0x0000022d5c07b288 relative=0x00000000000003e8
Event: 5.866 Thread 0x0000022d6bc8d1f0 Uncommon trap: reason=loop_limit_check action=maybe_recompile pc=0x0000022d5c07b288 method=java.lang.StringLatin1.indexOf([BI[BII)I @ 37 c2
Event: 5.866 Thread 0x0000022d6bc8d1f0 DEOPT PACKING pc=0x0000022d5c07b288 sp=0x000000fa521fe720
Event: 5.866 Thread 0x0000022d6bc8d1f0 DEOPT UNPACKING pc=0x0000022d5b918602 sp=0x000000fa521fe680 mode 2
Event: 5.871 Thread 0x0000022d6bc8d1f0 Uncommon trap: trap_request=0xffffff4d fr.pc=0x0000022d5c0228a8 relative=0x00000000000002e8
Event: 5.871 Thread 0x0000022d6bc8d1f0 Uncommon trap: reason=unstable_if action=reinterpret pc=0x0000022d5c0228a8 method=java.lang.StringLatin1.indexOf([BI[BII)I @ 91 c2
Event: 5.871 Thread 0x0000022d6bc8d1f0 DEOPT PACKING pc=0x0000022d5c0228a8 sp=0x000000fa521fe400
Event: 5.871 Thread 0x0000022d6bc8d1f0 DEOPT UNPACKING pc=0x0000022d5b918602 sp=0x000000fa521fe380 mode 2
Event: 5.907 Thread 0x0000022d6bc8d1f0 Uncommon trap: trap_request=0xffffff4d fr.pc=0x0000022d5c087df0 relative=0x00000000000003d0
Event: 5.907 Thread 0x0000022d6bc8d1f0 Uncommon trap: reason=unstable_if action=reinterpret pc=0x0000022d5c087df0 method=java.io.ByteArrayOutputStream.ensureCapacity(I)V @ 11 c2
Event: 5.907 Thread 0x0000022d6bc8d1f0 DEOPT PACKING pc=0x0000022d5c087df0 sp=0x000000fa521fe980
Event: 5.907 Thread 0x0000022d6bc8d1f0 DEOPT UNPACKING pc=0x0000022d5b918602 sp=0x000000fa521fe860 mode 2
Event: 5.910 Thread 0x0000022d6bc8d1f0 Uncommon trap: trap_request=0xffffff4d fr.pc=0x0000022d5c08782c relative=0x000000000000020c
Event: 5.910 Thread 0x0000022d6bc8d1f0 Uncommon trap: reason=unstable_if action=reinterpret pc=0x0000022d5c08782c method=java.io.ByteArrayOutputStream.ensureCapacity(I)V @ 11 c2
Event: 5.910 Thread 0x0000022d6bc8d1f0 DEOPT PACKING pc=0x0000022d5c08782c sp=0x000000fa521fe860
Event: 5.910 Thread 0x0000022d6bc8d1f0 DEOPT UNPACKING pc=0x0000022d5b918602 sp=0x000000fa521fe798 mode 2

Classes loaded (20 events):
Event: 5.895 Loading class jdk/jfr/internal/MetadataWriter
Event: 5.895 Loading class jdk/jfr/internal/MetadataWriter done
Event: 5.895 Loading class jdk/jfr/internal/MetadataDescriptor$Element
Event: 5.895 Loading class jdk/jfr/internal/MetadataDescriptor$Element done
Event: 5.896 Loading class jdk/jfr/internal/MetadataDescriptor$Attribute
Event: 5.896 Loading class jdk/jfr/internal/MetadataDescriptor$Attribute done
Event: 5.903 Loading class jdk/jfr/internal/consumer/StringParser$Encoding
Event: 5.903 Loading class jdk/jfr/internal/consumer/StringParser$Encoding done
Event: 5.914 Loading class jdk/jfr/internal/consumer/RepositoryFiles
Event: 5.915 Loading class jdk/jfr/internal/consumer/RepositoryFiles done
Event: 5.918 Loading class jdk/jfr/internal/SettingsManager$InternalSetting
Event: 5.918 Loading class jdk/jfr/internal/SettingsManager$InternalSetting done
Event: 5.918 Loading class jdk/jfr/internal/util/Rate
Event: 5.919 Loading class jdk/jfr/internal/util/Rate done
Event: 5.919 Loading class jdk/jfr/internal/util/TimespanUnit
Event: 5.919 Loading class jdk/jfr/internal/util/TimespanUnit done
Event: 5.919 Loading class jdk/jfr/internal/util/ValueParser
Event: 5.919 Loading class jdk/jfr/internal/util/ValueParser done
Event: 5.920 Loading class jdk/jfr/internal/periodic/PeriodicType
Event: 5.920 Loading class jdk/jfr/internal/periodic/PeriodicType done

Classes unloaded (0 events):
No events

Classes redefined (0 events):
No events

Internal exceptions (20 events):
Event: 2.496 Thread 0x0000022d4bb11580 Exception <a 'java/lang/NoSuchMethodError'{0x0000000713000160}: 'void java.lang.invoke.DirectMethodHandle$Holder.invokeStaticInit(java.lang.Object)'> (0x0000000713000160) 
thrown [s\open\src\hotspot\share\interpreter\linkResolver.cpp, line 805]
Event: 2.504 Thread 0x0000022d4bb11580 Exception <a 'java/lang/NoSuchMethodError'{0x000000071302d2a8}: 'long java.lang.invoke.DirectMethodHandle$Holder.invokeStaticInit(java.lang.Object, long, long, long, long)'> (0x000000071302d2a8) 
thrown [s\open\src\hotspot\share\interpreter\linkResolver.cpp, line 805]
Event: 2.504 Thread 0x0000022d4bb11580 Exception <a 'java/lang/NoSuchMethodError'{0x0000000713035cb0}: 'java.lang.Object java.lang.invoke.DirectMethodHandle$Holder.invokeInterface(java.lang.Object, java.lang.Object, long, long)'> (0x0000000713035cb0) 
thrown [s\open\src\hotspot\share\interpreter\linkResolver.cpp, line 805]
Event: 2.504 Thread 0x0000022d4bb11580 Exception <a 'java/lang/NoSuchMethodError'{0x000000071304e240}: 'void java.lang.invoke.DirectMethodHandle$Holder.invokeStaticInit(java.lang.Object, java.lang.Object, long, java.lang.Object)'> (0x000000071304e240) 
thrown [s\open\src\hotspot\share\interpreter\linkResolver.cpp, line 805]
Event: 2.504 Thread 0x0000022d4bb11580 Exception <a 'java/lang/NoSuchMethodError'{0x00000007130569b0}: 'long java.lang.invoke.DirectMethodHandle$Holder.invokeStatic(java.lang.Object, long, long)'> (0x00000007130569b0) 
thrown [s\open\src\hotspot\share\interpreter\linkResolver.cpp, line 805]
Event: 2.506 Thread 0x0000022d4bb11580 Exception <a 'java/lang/NoSuchMethodError'{0x000000071307f748}: 'java.lang.Object java.lang.invoke.DirectMethodHandle$Holder.newInvokeSpecial(java.lang.Object, int, java.lang.Object)'> (0x000000071307f748) 
thrown [s\open\src\hotspot\share\interpreter\linkResolver.cpp, line 805]
Event: 2.538 Thread 0x0000022d4bb11580 Exception <a 'java/lang/NoSuchMethodError'{0x0000000713116cc8}: 'void java.lang.invoke.DelegatingMethodHandle$Holder.reinvoke_L(java.lang.Object, java.lang.Object, java.lang.Object, java.lang.Object, long, long, float)'> (0x0000000713116cc8) 
thrown [s\open\src\hotspot\share\interpreter\linkResolver.cpp, line 805]
Event: 2.539 Thread 0x0000022d4bb11580 Exception <a 'java/lang/NoSuchMethodError'{0x0000000712e02680}: 'java.lang.Object java.lang.invoke.DirectMethodHandle$Holder.invokeStatic(java.lang.Object, java.lang.Object, java.lang.Object, java.lang.Object, java.lang.Object, long)'> (0x0000000712e02680) 
thrown [s\open\src\hotspot\share\interpreter\linkResolver.cpp, line 805]
Event: 2.541 Thread 0x0000022d4bb11580 Exception <a 'java/lang/NoSuchMethodError'{0x0000000712e459c0}: 'float java.lang.invoke.DelegatingMethodHandle$Holder.reinvoke_L(java.lang.Object, java.lang.Object, java.lang.Object, java.lang.Object, long, long)'> (0x0000000712e459c0) 
thrown [s\open\src\hotspot\share\interpreter\linkResolver.cpp, line 805]
Event: 2.547 Thread 0x0000022d4bb11580 Exception <a 'java/lang/NoSuchMethodError'{0x0000000712e791a8}: 'int java.lang.invoke.DelegatingMethodHandle$Holder.reinvoke_L(java.lang.Object, java.lang.Object, java.lang.Object, java.lang.Object, long, long)'> (0x0000000712e791a8) 
thrown [s\open\src\hotspot\share\interpreter\linkResolver.cpp, line 805]
Event: 2.661 Thread 0x0000022d4bb11580 Exception <a 'java/lang/NoSuchMethodError'{0x0000000712fbd808}: 'long java.lang.invoke.DelegatingMethodHandle$Holder.reinvoke_L(java.lang.Object, java.lang.Object, java.lang.Object, java.lang.Object, long, long)'> (0x0000000712fbd808) 
thrown [s\open\src\hotspot\share\interpreter\linkResolver.cpp, line 805]
Event: 2.663 Thread 0x0000022d4bb11580 Exception <a 'java/lang/NoSuchMethodError'{0x0000000712c1ab80}: 'java.lang.Object java.lang.invoke.DirectMethodHandle$Holder.invokeStatic(java.lang.Object, java.lang.Object, java.lang.Object, java.lang.Object, java.lang.Object, java.lang.Object, long)'> (0x0000000712c1ab80) 
thrown [s\open\src\hotspot\share\interpreter\linkResolver.cpp, line 805]
Event: 5.809 Thread 0x0000022d6bc8d1f0 Exception <a 'java/lang/NoSuchMethodError'{0x000000071292c028}: 'int java.lang.invoke.DirectMethodHandle$Holder.invokeStatic(java.lang.Object, java.lang.Object, java.lang.Object, java.lang.Object)'> (0x000000071292c028) 
thrown [s\open\src\hotspot\share\interpreter\linkResolver.cpp, line 805]
Event: 5.881 Thread 0x0000022d6bc8d1f0 Exception <a 'java/lang/NoSuchMethodError'{0x00000007125424b0}: 'void java.lang.invoke.DirectMethodHandle$Holder.invokeSpecial(java.lang.Object, java.lang.Object, int)'> (0x00000007125424b0) 
thrown [s\open\src\hotspot\share\interpreter\linkResolver.cpp, line 805]
Event: 5.881 Thread 0x0000022d6bc8d1f0 Exception <a 'java/lang/NoSuchMethodError'{0x000000071254a0d0}: 'void java.lang.invoke.Invokers$Holder.invokeExact_MT(java.lang.Object, int, java.lang.Object)'> (0x000000071254a0d0) 
thrown [s\open\src\hotspot\share\interpreter\linkResolver.cpp, line 805]
Event: 5.883 Thread 0x0000022d6bc8d1f0 Exception <a 'java/lang/NoSuchMethodError'{0x0000000712564518}: 'void java.lang.invoke.DirectMethodHandle$Holder.invokeStatic(java.lang.Object, java.lang.Object, int)'> (0x0000000712564518) 
thrown [s\open\src\hotspot\share\interpreter\linkResolver.cpp, line 805]
Event: 5.883 Thread 0x0000022d6bc8d1f0 Exception <a 'java/lang/NoSuchMethodError'{0x0000000712573420}: 'java.lang.Object java.lang.invoke.DirectMethodHandle$Holder.newInvokeSpecial(java.lang.Object, java.lang.Object, int)'> (0x0000000712573420) 
thrown [s\open\src\hotspot\share\interpreter\linkResolver.cpp, line 805]
Event: 5.887 Thread 0x0000022d6bc8d1f0 Exception <a 'sun/nio/fs/WindowsException'{0x00000007125a74e0}> (0x00000007125a74e0) 
thrown [s\open\src\hotspot\share\prims\jni.cpp, line 518]
Event: 5.889 Thread 0x0000022d6bc8d1f0 Exception <a 'sun/nio/fs/WindowsException'{0x00000007125b42b8}> (0x00000007125b42b8) 
thrown [s\open\src\hotspot\share\prims\jni.cpp, line 518]
Event: 5.893 Thread 0x0000022d6bc8d1f0 Exception <a 'sun/nio/fs/WindowsException'{0x00000007125c6040}> (0x00000007125c6040) 
thrown [s\open\src\hotspot\share\prims\jni.cpp, line 518]

VM Operations (20 events):
Event: 2.482 Executing VM operation: HandshakeAllThreads (Deoptimize)
Event: 2.482 Executing VM operation: HandshakeAllThreads (Deoptimize) done
Event: 2.489 Executing VM operation: HandshakeAllThreads (Deoptimize)
Event: 2.489 Executing VM operation: HandshakeAllThreads (Deoptimize) done
Event: 2.505 Executing VM operation: HandshakeAllThreads (Deoptimize)
Event: 2.506 Executing VM operation: HandshakeAllThreads (Deoptimize) done
Event: 2.532 Executing VM operation: HandshakeAllThreads (Deoptimize)
Event: 2.532 Executing VM operation: HandshakeAllThreads (Deoptimize) done
Event: 2.665 Executing VM operation: HandshakeAllThreads (Deoptimize)
Event: 2.665 Executing VM operation: HandshakeAllThreads (Deoptimize) done
Event: 2.665 Executing VM operation: HandshakeAllThreads (Deoptimize)
Event: 2.665 Executing VM operation: HandshakeAllThreads (Deoptimize) done
Event: 2.695 Executing VM operation: HandshakeAllThreads (Deoptimize)
Event: 2.695 Executing VM operation: HandshakeAllThreads (Deoptimize) done
Event: 2.700 Executing VM operation: HandshakeAllThreads (Deoptimize)
Event: 2.700 Executing VM operation: HandshakeAllThreads (Deoptimize) done
Event: 5.885 Executing VM operation: HandshakeAllThreads (Deoptimize)
Event: 5.887 Executing VM operation: HandshakeAllThreads (Deoptimize) done
Event: 5.916 Executing VM operation: JFRSafepointClear
Event: 5.916 Executing VM operation: JFRSafepointClear done

Memory protections (0 events):
No events

Nmethod flushes (0 events):
No events

Events (20 events):
Event: 0.719 Thread 0x0000022d6bca0af0 Thread added: 0x0000022d462b4ed0
Event: 0.843 Thread 0x0000022d6bc9f7f0 Thread added: 0x0000022d45b8eb40
Event: 1.034 Thread 0x0000022d45b8eb40 Thread exited: 0x0000022d45b8eb40
Event: 1.156 Thread 0x0000022d462b4ed0 Thread exited: 0x0000022d462b4ed0
Event: 1.816 Thread 0x0000022d45a12f70 Thread exited: 0x0000022d45a12f70
Event: 1.816 Thread 0x0000022d45ad2ee0 Thread exited: 0x0000022d45ad2ee0
Event: 2.086 Thread 0x0000022d4bb11580 Thread added: 0x0000022d45ad2040
Event: 2.086 Thread 0x0000022d4bb11580 Thread added: 0x0000022d45ad2ee0
Event: 2.536 Thread 0x0000022d451296e0 Thread added: 0x0000022d46e599b0
Event: 2.693 Thread 0x0000022d4bb11580 Thread exited: 0x0000022d4bb11580
Event: 2.693 Thread 0x0000022d45ad11a0 Thread added: 0x0000022d45ad11a0
Event: 2.751 Thread 0x0000022d45ad2ee0 Thread added: 0x0000022d46e32fa0
Event: 2.887 Thread 0x0000022d46e599b0 Thread exited: 0x0000022d46e599b0
Event: 5.743 Thread 0x0000022d451296e0 Thread exited: 0x0000022d451296e0
Event: 5.743 Thread 0x0000022d450fe340 Thread exited: 0x0000022d450fe340
Event: 5.744 Thread 0x0000022d450f91d0 Thread added: 0x0000022d450fe340
Event: 5.747 Thread 0x0000022d450fe340 Thread added: 0x0000022d450e2480
Event: 5.759 Thread 0x0000022d6bc8d1f0 Thread added: 0x0000022d46e34590
Event: 5.853 Thread 0x0000022d450f91d0 Thread added: 0x0000022d48141830
Event: 5.883 Thread 0x0000022d6bc8d1f0 Thread added: 0x0000022d46e32850


Dynamic libraries:
0x00007ff6dfa60000 - 0x00007ff6dfa6e000 	C:\Users\Admin\.jdks\openjdk-24.0.1\bin\java.exe
0x00007ffffb940000 - 0x00007ffffbba6000 	C:\WINDOWS\SYSTEM32\ntdll.dll
0x00007ffffb6e0000 - 0x00007ffffb7a9000 	C:\WINDOWS\System32\KERNEL32.DLL
0x00007ffff8b70000 - 0x00007ffff8f3c000 	C:\WINDOWS\System32\KERNELBASE.dll
0x00007ffff9470000 - 0x00007ffff95bb000 	C:\WINDOWS\System32\ucrtbase.dll
0x00007ffff0860000 - 0x00007ffff0876000 	C:\Users\Admin\.jdks\openjdk-24.0.1\bin\jli.dll
0x00007ffffb190000 - 0x00007ffffb35a000 	C:\WINDOWS\System32\USER32.dll
0x00007ffff8f40000 - 0x00007ffff8f67000 	C:\WINDOWS\System32\win32u.dll
0x00007fffeeaa0000 - 0x00007fffeeabb000 	C:\Users\Admin\.jdks\openjdk-24.0.1\bin\VCRUNTIME140.dll
0x00007ffffb3e0000 - 0x00007ffffb40b000 	C:\WINDOWS\System32\GDI32.dll
0x00007ffff95c0000 - 0x00007ffff96f2000 	C:\WINDOWS\System32\gdi32full.dll
0x00007ffff93c0000 - 0x00007ffff9463000 	C:\WINDOWS\System32\msvcp_win.dll
0x00007fffe5ae0000 - 0x00007fffe5d7a000 	C:\WINDOWS\WinSxS\amd64_microsoft.windows.common-controls_6595b64144ccf1df_6.0.26100.3912_none_3e07963ce335137e\COMCTL32.dll
0x00007ffff9ab0000 - 0x00007ffff9b59000 	C:\WINDOWS\System32\msvcrt.dll
0x00007ffffb7b0000 - 0x00007ffffb7e0000 	C:\WINDOWS\System32\IMM32.DLL
0x00007fffeea90000 - 0x00007fffeea9c000 	C:\Users\Admin\.jdks\openjdk-24.0.1\bin\vcruntime140_1.dll
0x00007fffe2b70000 - 0x00007fffe2bfe000 	C:\Users\Admin\.jdks\openjdk-24.0.1\bin\msvcp140.dll
0x00007fffa17d0000 - 0x00007fffa2572000 	C:\Users\Admin\.jdks\openjdk-24.0.1\bin\server\jvm.dll
0x00007ffffb530000 - 0x00007ffffb5e2000 	C:\WINDOWS\System32\ADVAPI32.dll
0x00007ffff9e60000 - 0x00007ffff9f06000 	C:\WINDOWS\System32\sechost.dll
0x00007ffff9990000 - 0x00007ffff9aa6000 	C:\WINDOWS\System32\RPCRT4.dll
0x00007ffffac10000 - 0x00007ffffac84000 	C:\WINDOWS\System32\WS2_32.dll
0x00007fffee270000 - 0x00007fffee27b000 	C:\WINDOWS\SYSTEM32\VERSION.dll
0x00007fffeb9c0000 - 0x00007fffeb9f6000 	C:\WINDOWS\SYSTEM32\WINMM.dll
0x00007ffff7720000 - 0x00007ffff777e000 	C:\WINDOWS\SYSTEM32\POWRPROF.dll
0x00007ffff7700000 - 0x00007ffff7714000 	C:\WINDOWS\SYSTEM32\UMPDC.dll
0x00007ffff79b0000 - 0x00007ffff79ca000 	C:\WINDOWS\SYSTEM32\kernel.appcore.dll
0x00007fffeea80000 - 0x00007fffeea8a000 	C:\Users\Admin\.jdks\openjdk-24.0.1\bin\jimage.dll
0x00007ffff6290000 - 0x00007ffff64d1000 	C:\WINDOWS\SYSTEM32\DBGHELP.DLL
0x00007ffffa7f0000 - 0x00007ffffab74000 	C:\WINDOWS\System32\combase.dll
0x00007ffffb5f0000 - 0x00007ffffb6d0000 	C:\WINDOWS\System32\OLEAUT32.dll
0x00007fffd08d0000 - 0x00007fffd0909000 	C:\WINDOWS\SYSTEM32\dbgcore.DLL
0x00007ffff8ad0000 - 0x00007ffff8b69000 	C:\WINDOWS\System32\bcryptPrimitives.dll
0x00007fffeea50000 - 0x00007fffeea5f000 	C:\Users\Admin\.jdks\openjdk-24.0.1\bin\instrument.dll
0x00007fffee6e0000 - 0x00007fffee6fe000 	C:\Users\Admin\.jdks\openjdk-24.0.1\bin\java.dll
0x00007ffffa640000 - 0x00007ffffa7df000 	C:\WINDOWS\System32\ole32.dll
0x00007ffff9f10000 - 0x00007ffffa63d000 	C:\WINDOWS\System32\SHELL32.dll
0x00007ffff9180000 - 0x00007ffff92f4000 	C:\WINDOWS\System32\wintypes.dll
0x00007ffff6780000 - 0x00007ffff6fd6000 	C:\WINDOWS\SYSTEM32\windows.storage.dll
0x00007ffffb430000 - 0x00007ffffb51f000 	C:\WINDOWS\System32\SHCORE.dll
0x00007ffffac90000 - 0x00007ffffacf9000 	C:\WINDOWS\System32\shlwapi.dll
0x00007ffff89e0000 - 0x00007ffff8a0f000 	C:\WINDOWS\SYSTEM32\profapi.dll
0x00007fffd3480000 - 0x00007fffd3557000 	C:\Users\Admin\.jdks\openjdk-24.0.1\bin\jsvml.dll
0x00007fffe6370000 - 0x00007fffe6387000 	C:\Users\Admin\.jdks\openjdk-24.0.1\bin\zip.dll
0x00007fffeb460000 - 0x00007fffeb470000 	C:\Users\Admin\.jdks\openjdk-24.0.1\bin\net.dll
0x00007ffff7f20000 - 0x00007ffff7f8a000 	C:\WINDOWS\system32\mswsock.dll
0x00007fffe6390000 - 0x00007fffe63a6000 	C:\Users\Admin\.jdks\openjdk-24.0.1\bin\nio.dll
0x00007fffeb450000 - 0x00007fffeb459000 	C:\Users\Admin\.jdks\openjdk-24.0.1\bin\extnet.dll
0x00007fffa6970000 - 0x00007fffa6aee000 	C:\Users\Admin\.jdks\openjdk-24.0.1\bin\awt.dll
0x00007ffff2a20000 - 0x00007ffff2abe000 	C:\WINDOWS\SYSTEM32\apphelp.dll
0x00007ffff3240000 - 0x00007ffff3276000 	C:\WINDOWS\system32\DWMAPI.DLL
0x00007ffff2c00000 - 0x00007ffff2caf000 	C:\WINDOWS\system32\uxtheme.dll
0x00007fff97ca0000 - 0x00007fff97dac000 	C:\WINDOWS\system32\opengl32.dll
0x00007fffe0d20000 - 0x00007fffe0d4d000 	C:\WINDOWS\SYSTEM32\GLU32.dll
0x00007ffff3500000 - 0x00007ffff3547000 	C:\WINDOWS\SYSTEM32\dxcore.dll
0x00007ffff9ce0000 - 0x00007ffff9e3f000 	C:\WINDOWS\System32\MSCTF.dll
0x00007ffff7450000 - 0x00007ffff7577000 	C:\WINDOWS\SYSTEM32\DNSAPI.dll
0x00007ffff73b0000 - 0x00007ffff73e3000 	C:\WINDOWS\SYSTEM32\IPHLPAPI.DLL
0x00007ffff9980000 - 0x00007ffff998a000 	C:\WINDOWS\System32\NSI.dll
0x00007fffeed00000 - 0x00007fffeed0b000 	C:\Windows\System32\rasadhlp.dll
0x00007ffff0370000 - 0x00007ffff03f6000 	C:\WINDOWS\System32\fwpuclnt.dll
0x00007fffe51f0000 - 0x00007fffe51fa000 	C:\Users\Admin\.jdks\openjdk-24.0.1\bin\management.dll
0x00007fffe51e0000 - 0x00007fffe51eb000 	C:\Users\Admin\.jdks\openjdk-24.0.1\bin\management_ext.dll
0x00007ffff9760000 - 0x00007ffff9768000 	C:\WINDOWS\System32\PSAPI.DLL
0x00007ffff81d0000 - 0x00007ffff81ec000 	C:\WINDOWS\SYSTEM32\CRYPTSP.dll
0x00007ffff7910000 - 0x00007ffff794a000 	C:\WINDOWS\system32\rsaenh.dll
0x00007ffff7fc0000 - 0x00007ffff7feb000 	C:\WINDOWS\SYSTEM32\USERENV.dll
0x00007ffff89b0000 - 0x00007ffff89d6000 	C:\WINDOWS\SYSTEM32\bcrypt.dll
0x00007ffff81c0000 - 0x00007ffff81cc000 	C:\WINDOWS\SYSTEM32\CRYPTBASE.dll
0x00007fff85a40000 - 0x00007fff85a58000 	C:\WINDOWS\system32\napinsp.dll
0x00007fff853e0000 - 0x00007fff853f2000 	C:\WINDOWS\System32\winrnr.dll
0x00007fffe74a0000 - 0x00007fffe74d0000 	C:\WINDOWS\system32\nlansp_c.dll
0x00007fffeb940000 - 0x00007fffeb960000 	C:\WINDOWS\system32\wshbth.dll
0x00007fffcf0d0000 - 0x00007fffcf11e000 	C:\WINDOWS\SYSTEM32\pdh.dll
0x00007fffe3dd0000 - 0x00007fffe3de2000 	C:\WINDOWS\System32\perfproc.dll
0x00007fffeb970000 - 0x00007fffeb981000 	C:\WINDOWS\System32\perfos.dll
0x00007ffff7000000 - 0x00007ffff7012000 	C:\WINDOWS\SYSTEM32\pfclient.dll
0x00007fffe2ae0000 - 0x00007fffe2b67000 	C:\Users\Admin\.jdks\openjdk-24.0.1\bin\freetype.dll
0x00007fffa6890000 - 0x00007fffa6967000 	C:\Users\Admin\.jdks\openjdk-24.0.1\bin\fontmanager.dll
0x00007ffffb800000 - 0x00007ffffb8a8000 	C:\WINDOWS\System32\clbcatq.dll
0x00007ffff0dc0000 - 0x00007ffff0ffa000 	C:\WINDOWS\SYSTEM32\WindowsCodecs.dll
0x00007fffdb200000 - 0x00007fffdb25a000 	C:\WINDOWS\system32\dataexchange.dll
0x00007fffdc290000 - 0x00007fffdc4cc000 	C:\WINDOWS\system32\twinapi.appcore.dll
0x00007fffe5d90000 - 0x00007fffe5edd000 	C:\WINDOWS\SYSTEM32\textinputframework.dll
0x00007ffff2660000 - 0x00007ffff2786000 	C:\WINDOWS\SYSTEM32\CoreMessaging.dll
0x00007fffedaa0000 - 0x00007fffedd83000 	C:\WINDOWS\SYSTEM32\CoreUIComponents.dll
0x00007fffa6690000 - 0x00007fffa6888000 	C:\Users\Admin\AppData\Local\Temp\idea_libasyncProfiler_dll_temp_folder8\libasyncProfiler.dll

JVMTI agents:
C:\Program Files\JetBrains\IntelliJ IDEA 2024.3.5\lib\idea_rt.jar path:C:\Users\Admin\.jdks\openjdk-24.0.1\bin\instrument.dll, loaded, initialized, instrumentlib options:59753

dbghelp: loaded successfully - version: 4.0.5 - missing functions: none
symbol engine: initialized successfully - sym options: 0x614 - pdb path: .;C:\Users\Admin\.jdks\openjdk-24.0.1\bin;C:\WINDOWS\SYSTEM32;C:\WINDOWS\WinSxS\amd64_microsoft.windows.common-controls_6595b64144ccf1df_6.0.26100.3912_none_3e07963ce335137e;C:\Users\Admin\.jdks\openjdk-24.0.1\bin\server;C:\Users\Admin\AppData\Local\Temp\idea_libasyncProfiler_dll_temp_folder8

VM Arguments:
jvm_args: -javaagent:C:\Program Files\JetBrains\IntelliJ IDEA 2024.3.5\lib\idea_rt.jar=59753 -Dfile.encoding=UTF-8 -Dsun.stdout.encoding=UTF-8 -Dsun.stderr.encoding=UTF-8 
java_command: RunApplication
java_class_path (initial): C:\Users\Admin\IdeaProjects\CoffeeStore\target\classes;C:\Users\Admin\.m2\repository\com\microsoft\sqlserver\mssql-jdbc\12.10.0.jre11\mssql-jdbc-12.10.0.jre11.jar;C:\Users\Admin\.m2\repository\com\google\code\gson\gson\2.13.1\gson-2.13.1.jar;C:\Users\Admin\.m2\repository\com\google\errorprone\error_prone_annotations\2.38.0\error_prone_annotations-2.38.0.jar;C:\Users\Admin\.m2\repository\org\jfree\jfreechart\1.5.3\jfreechart-1.5.3.jar
Launcher Type: SUN_STANDARD

[Global flags]
     intx CICompilerCount                          = 12                                        {product} {ergonomic}
     uint ConcGCThreads                            = 3                                         {product} {ergonomic}
     bool FlightRecorder                           = true                                      {product} {management}
     uint G1ConcRefinementThreads                  = 13                                        {product} {ergonomic}
   size_t G1HeapRegionSize                         = 2097152                                   {product} {ergonomic}
   size_t InitialHeapSize                          = 264241152                                 {product} {ergonomic}
   size_t MarkStackSize                            = 4194304                                   {product} {ergonomic}
   size_t MarkStackSizeMax                         = 536870912                                 {product} {ergonomic}
   size_t MaxHeapSize                              = 4223664128                                {product} {ergonomic}
   size_t MaxNewSize                               = 2533359616                                {product} {ergonomic}
   size_t MinHeapDeltaBytes                        = 2097152                                   {product} {ergonomic}
   size_t MinHeapSize                              = 8388608                                   {product} {ergonomic}
    uintx NonNMethodCodeHeapSize                   = 7602176                                {pd product} {ergonomic}
    uintx NonProfiledCodeHeapSize                  = 122093568                              {pd product} {ergonomic}
    uintx ProfiledCodeHeapSize                     = 121962496                              {pd product} {ergonomic}
    uintx ReservedCodeCacheSize                    = 251658240                              {pd product} {ergonomic}
     bool SegmentedCodeCache                       = true                                      {product} {ergonomic}
   size_t SoftMaxHeapSize                          = 4223664128                             {manageable} {ergonomic}
     bool UseCompressedOops                        = true                           {product lp64_product} {ergonomic}
     bool UseG1GC                                  = true                                      {product} {ergonomic}
     bool UseLargePagesIndividualAllocation        = false                                  {pd product} {ergonomic}

Logging:
Log output configuration:
 #0: stdout all=warning uptime,level,tags foldmultilines=false
 #1: stderr all=off uptime,level,tags foldmultilines=false

Environment Variables:
PATH=E:\VMWare\bin\;C:\Program Files (x86)\Common Files\Oracle\Java\java8path;C:\Program Files (x86)\Common Files\Oracle\Java\javapath;C:\WINDOWS\system32;C:\WINDOWS;C:\WINDOWS\System32\Wbem;C:\WINDOWS\System32\WindowsPowerShell\v1.0\;C:\WINDOWS\System32\OpenSSH\;C:\Program Files\NVIDIA Corporation\NVIDIA App\NvDLISR;C:\Program Files (x86)\NVIDIA Corporation\PhysX\Common;C:\Program Files (x86)\Microsoft SQL Server\160\Tools\Binn\;C:\Program Files\Microsoft SQL Server\160\Tools\Binn\;C:\Program Files\Microsoft SQL Server\Client SDK\ODBC\170\Tools\Binn\;C:\Program Files\Microsoft SQL Server\160\DTS\Binn\;C:\Program Files (x86)\Microsoft SQL Server\160\DTS\Binn\;C:\Program Files\nodejs\;C:\Program Files\Cloudflare\Cloudflare WARP\;C:\Program Files\Git\cmd;C:\Users\Admin\AppData\Local\Programs\Python\Launcher\;C:\Users\Admin\AppData\Local\Microsoft\WindowsApps;C:\Users\Admin\AppData\Local\Programs\Microsoft VS Code\bin;C:\Program Files\JetBrains\IntelliJ IDEA 2024.3.5\bin;C:\Users\Admin\AppData\Local\Programs\Python\Python313;C:\Users\Admin\AppData\Local\Programs\Python\Python313\Scripts;;C:\Program Files\JetBrains\WebStorm 2024.3.5\bin;C:\Users\Admin\AppData\Local\Programs\Python\Python313;C:\Users\Admin\AppData\Local\Programs\Python\Python313\Scripts;;C:\Users\Admin\AppData\Roaming\npm
USERNAME=Admin
OS=Windows_NT
PROCESSOR_IDENTIFIER=Intel64 Family 6 Model 154 Stepping 3, GenuineIntel
TMP=C:\Users\Admin\AppData\Local\Temp
TEMP=C:\Users\Admin\AppData\Local\Temp




Periodic native trim disabled

---------------  S Y S T E M  ---------------

OS:
 Windows 11 , 64 bit Build 26100 (10.0.26100.3912)
OS uptime: 4 days 18:15 hours

CPU: total 16 (initial active 16) (8 cores per cpu, 2 threads per core) family 6 model 154 stepping 3 microcode 0x435, cx8, cmov, fxsr, ht, mmx, 3dnowpref, sse, sse2, sse3, ssse3, sse4.1, sse4.2, popcnt, lzcnt, tsc, tscinvbit, avx, avx2, aes, erms, clmul, bmi1, bmi2, adx, sha, fma, vzeroupper, clflush, clflushopt, clwb, serialize, rdtscp, rdpid, fsrm, gfni, f16c, pku, cet_ibt, cet_ss
Processor Information for processor 0
  Max Mhz: 2500, Current Mhz: 2500, Mhz Limit: 2500
Processor Information for processor 1
  Max Mhz: 2500, Current Mhz: 2500, Mhz Limit: 2500
Processor Information for processor 2
  Max Mhz: 2500, Current Mhz: 2500, Mhz Limit: 2500
Processor Information for processor 3
  Max Mhz: 2500, Current Mhz: 2500, Mhz Limit: 2500
Processor Information for processor 4
  Max Mhz: 2500, Current Mhz: 2500, Mhz Limit: 2500
Processor Information for processor 5
  Max Mhz: 2500, Current Mhz: 2500, Mhz Limit: 2500
Processor Information for processor 6
  Max Mhz: 2500, Current Mhz: 2500, Mhz Limit: 2500
Processor Information for processor 7
  Max Mhz: 2500, Current Mhz: 2500, Mhz Limit: 2500
Processor Information for processor 8
  Max Mhz: 2500, Current Mhz: 1800, Mhz Limit: 1800
Processor Information for processor 9
  Max Mhz: 2500, Current Mhz: 1800, Mhz Limit: 1800
Processor Information for processor 10
  Max Mhz: 2500, Current Mhz: 1800, Mhz Limit: 1800
Processor Information for processor 11
  Max Mhz: 2500, Current Mhz: 1800, Mhz Limit: 1800
Processor Information for processor 12
  Max Mhz: 2500, Current Mhz: 1800, Mhz Limit: 1800
Processor Information for processor 13
  Max Mhz: 2500, Current Mhz: 1800, Mhz Limit: 1800
Processor Information for processor 14
  Max Mhz: 2500, Current Mhz: 1800, Mhz Limit: 1800
Processor Information for processor 15
  Max Mhz: 2500, Current Mhz: 1800, Mhz Limit: 1800

Memory: 4k page, system-wide physical 16109M (8010M free)
TotalPageFile size 23021M (AvailPageFile size 8544M)
current process WorkingSet (physical memory assigned to process): 358M, peak: 358M
current process commit charge ("private bytes"): 445M, peak: 446M

vm_info: OpenJDK 64-Bit Server VM (24.0.1+9-30) for windows-amd64 JRE (24.0.1+9-30), built on 2025-03-05T07:23:45Z with MS VC++ 17.6 (VS2022)

END.
